2024-05-30 10:54:09.073 [main] INFO  c.e.automate.ExistingPatientLogin - ChromeDriver initialized successfully The Existing Patient Application Flow.
2024-05-30 10:54:27.162 [main] INFO  c.e.automate.ExistingPatientLogin - Browser closed and driver quit.

2024-05-30 10:56:37.079 [main] INFO  c.e.automate.ExistingPatientLogin - ChromeDriver initialized successfully The Existing Patient Application Flow.
2024-05-30 10:56:54.580 [main] INFO  c.e.automate.ExistingPatientLogin - Browser closed and driver quit.

2024-05-30 10:59:23.300 [main] INFO  c.e.automate.ExistingPatientLogin - ChromeDriver initialized successfully The Existing Patient Application Flow.
2024-05-30 10:59:41.250 [main] INFO  c.e.automate.ExistingPatientLogin - Browser closed and driver quit.

2024-05-30 11:03:55.667 [main] INFO  c.e.automate.ExistingPatientLogin - ChromeDriver initialized successfully The Existing Patient Application Flow.
2024-05-30 11:04:11.512 [main] ERROR c.e.automate.ExistingPatientLogin - Error: Patient Information page icon is not displayed.
2024-05-30 11:04:19.717 [main] ERROR c.e.automate.ExistingPatientLogin - Error: Clear fields button icon is not appropriately placed. Expected center: (1186, 138), but got: (1146, 142)
2024-05-30 11:04:25.570 [main] ERROR c.e.automate.ExistingPatientLogin - Error: No actions available in the manage profile and signout dropdown.
2024-05-30 11:04:25.634 [main] ERROR c.e.automate.ExistingPatientLogin - Error: Patient Information button color is incorrect.
2024-05-30 11:04:28.854 [main] INFO  c.e.automate.ExistingPatientLogin - Browser closed and driver quit.

2024-05-30 11:32:20.924 [main] INFO  c.e.automate.ExistingPatientLogin - ChromeDriver initialized successfully The Existing Patient Application Flow.
2024-05-30 11:32:38.047 [main] ERROR c.e.automate.ExistingPatientLogin - Error: Patient Information page icon is not displayed.
2024-05-30 11:32:45.676 [main] ERROR c.e.automate.ExistingPatientLogin - Error: Clear fields button icon is not appropriately placed. Expected center: (1186, 138), but got: (1146, 142)
2024-05-30 11:32:52.405 [main] ERROR c.e.automate.ExistingPatientLogin - Error: Patient Information button color is incorrect.
2024-05-30 11:32:55.710 [main] INFO  c.e.automate.ExistingPatientLogin - Browser closed and driver quit.

2024-05-30 11:48:40.667 [main] INFO  c.e.automate.ExistingPatientLogin - ChromeDriver initialized successfully The Existing Patient Application Flow.
2024-05-30 11:48:58.092 [main] ERROR c.e.automate.ExistingPatientLogin - Error: Patient Information page icon is not displayed.
2024-05-30 11:49:05.030 [main] ERROR c.e.automate.ExistingPatientLogin - Error: Clear fields button icon is not appropriately placed. Expected center: (1186, 138), but got: (1146, 142)
2024-05-30 11:49:11.018 [main] ERROR c.e.automate.ExistingPatientLogin - Error: Patient Information button color is incorrect.
2024-05-30 11:49:14.237 [main] INFO  c.e.automate.ExistingPatientLogin - Browser closed and driver quit.

2024-05-30 11:52:09.191 [main] INFO  c.e.automate.ExistingPatientLogin - ChromeDriver initialized successfully The Existing Patient Application Flow.
2024-05-30 11:52:26.156 [main] ERROR c.e.automate.ExistingPatientLogin - Error: Patient Information page icon is not displayed.
2024-05-30 11:52:32.900 [main] INFO  c.e.automate.ExistingPatientLogin - Button Location: (1127, 122)
2024-05-30 11:52:32.900 [main] INFO  c.e.automate.ExistingPatientLogin - Button Size: (118, 33)
2024-05-30 11:52:32.900 [main] INFO  c.e.automate.ExistingPatientLogin - Icon Location: (1139, 135)
2024-05-30 11:52:32.900 [main] INFO  c.e.automate.ExistingPatientLogin - Icon Size: (14, 14)
2024-05-30 11:52:32.900 [main] INFO  c.e.automate.ExistingPatientLogin - Expected Button Center: (1186, 138)
2024-05-30 11:52:32.900 [main] INFO  c.e.automate.ExistingPatientLogin - Actual Icon Center: (1146, 142)
2024-05-30 11:52:32.900 [main] ERROR c.e.automate.ExistingPatientLogin - Error: Clear fields button icon is not appropriately placed. Expected center: (1186, 138), but got: (1146, 142)
2024-05-30 11:52:38.852 [main] ERROR c.e.automate.ExistingPatientLogin - Error: Patient Information button color is incorrect.
2024-05-30 11:52:42.088 [main] INFO  c.e.automate.ExistingPatientLogin - Browser closed and driver quit.

2024-05-30 11:58:10.949 [main] INFO  c.e.automate.ExistingPatientLogin - ChromeDriver initialized successfully The Existing Patient Application Flow.
2024-05-30 11:58:27.998 [main] ERROR c.e.automate.ExistingPatientLogin - Error: Patient Information page icon is not displayed.
2024-05-30 11:58:34.589 [main] INFO  c.e.automate.ExistingPatientLogin - Button Location: (1127, 122)
2024-05-30 11:58:34.589 [main] INFO  c.e.automate.ExistingPatientLogin - Button Size: (118, 33)
2024-05-30 11:58:34.589 [main] INFO  c.e.automate.ExistingPatientLogin - Icon Location: (1139, 135)
2024-05-30 11:58:34.589 [main] INFO  c.e.automate.ExistingPatientLogin - Icon Size: (14, 14)
2024-05-30 11:58:34.590 [main] INFO  c.e.automate.ExistingPatientLogin - Expected Button Center: (1186, 138)
2024-05-30 11:58:34.590 [main] INFO  c.e.automate.ExistingPatientLogin - Actual Icon Center: (1146, 142)
2024-05-30 11:58:41.058 [main] ERROR c.e.automate.ExistingPatientLogin - Error: Patient Information button color is incorrect.
2024-05-30 11:58:44.328 [main] INFO  c.e.automate.ExistingPatientLogin - Browser closed and driver quit.

2024-05-30 12:01:21.215 [main] INFO  c.e.automate.ExistingPatientLogin - ChromeDriver initialized successfully The Existing Patient Application Flow.
2024-05-30 12:01:38.444 [main] ERROR c.e.automate.ExistingPatientLogin - Error: Patient Information page icon is not displayed.
2024-05-30 12:01:44.605 [main] INFO  c.e.automate.ExistingPatientLogin - Button Location: (1127, 122)
2024-05-30 12:01:44.605 [main] INFO  c.e.automate.ExistingPatientLogin - Button Size: (118, 33)
2024-05-30 12:01:44.605 [main] INFO  c.e.automate.ExistingPatientLogin - Icon Location: (1139, 135)
2024-05-30 12:01:44.607 [main] INFO  c.e.automate.ExistingPatientLogin - Icon Size: (14, 14)
2024-05-30 12:01:44.607 [main] INFO  c.e.automate.ExistingPatientLogin - Expected Icon Center: (1146, 142)
2024-05-30 12:01:44.607 [main] INFO  c.e.automate.ExistingPatientLogin - Actual Icon Center: (1146, 142)
2024-05-30 12:01:44.607 [main] ERROR c.e.automate.ExistingPatientLogin - Error: Clear fields button icon is not appropriately placed. Expected center: (1146, 142), but got: (1146, 142)
2024-05-30 12:01:50.907 [main] ERROR c.e.automate.ExistingPatientLogin - Error: Patient Information button color is incorrect.
2024-05-30 12:01:54.139 [main] INFO  c.e.automate.ExistingPatientLogin - Browser closed and driver quit.

2024-05-30 12:03:38.611 [main] INFO  c.e.automate.ExistingPatientLogin - ChromeDriver initialized successfully The Existing Patient Application Flow.
2024-05-30 12:03:55.987 [main] ERROR c.e.automate.ExistingPatientLogin - Error: Patient Information page icon is not displayed.
2024-05-30 12:04:02.125 [main] INFO  c.e.automate.ExistingPatientLogin - Button Location: (1127, 122)
2024-05-30 12:04:02.127 [main] INFO  c.e.automate.ExistingPatientLogin - Button Size: (118, 33)
2024-05-30 12:04:02.127 [main] INFO  c.e.automate.ExistingPatientLogin - Icon Location: (1139, 135)
2024-05-30 12:04:02.127 [main] INFO  c.e.automate.ExistingPatientLogin - Icon Size: (14, 14)
2024-05-30 12:04:02.127 [main] INFO  c.e.automate.ExistingPatientLogin - Expected Icon Center: (1186, 138)
2024-05-30 12:04:02.127 [main] INFO  c.e.automate.ExistingPatientLogin - Actual Icon Center: (1146, 142)
2024-05-30 12:04:02.127 [main] ERROR c.e.automate.ExistingPatientLogin - Error: Clear fields button icon is not appropriately placed. Expected center: (1146, 142), but got: (1146, 142)
2024-05-30 12:04:08.763 [main] ERROR c.e.automate.ExistingPatientLogin - Error: Patient Information button color is incorrect.
2024-05-30 12:04:12.125 [main] INFO  c.e.automate.ExistingPatientLogin - Browser closed and driver quit.

2024-05-30 12:07:02.132 [main] INFO  c.e.automate.ExistingPatientLogin - ChromeDriver initialized successfully The Existing Patient Application Flow.
2024-05-30 12:07:19.600 [main] ERROR c.e.automate.ExistingPatientLogin - Error: Patient Information page icon is not displayed.
2024-05-30 12:07:26.895 [main] INFO  c.e.automate.ExistingPatientLogin - Button Location: (1127, 122)
2024-05-30 12:07:26.895 [main] INFO  c.e.automate.ExistingPatientLogin - Button Size: (118, 33)
2024-05-30 12:07:26.895 [main] INFO  c.e.automate.ExistingPatientLogin - Icon Location: (1139, 135)
2024-05-30 12:07:26.895 [main] INFO  c.e.automate.ExistingPatientLogin - Icon Size: (14, 14)
2024-05-30 12:07:26.895 [main] INFO  c.e.automate.ExistingPatientLogin - Expected Icon Center: (1186, 138)
2024-05-30 12:07:26.895 [main] INFO  c.e.automate.ExistingPatientLogin - Actual Icon Center: (1146, 142)
2024-05-30 12:07:33.349 [main] ERROR c.e.automate.ExistingPatientLogin - Error: Patient Information button color is incorrect.
2024-05-30 12:07:36.546 [main] INFO  c.e.automate.ExistingPatientLogin - Browser closed and driver quit.

2024-05-30 12:12:09.702 [main] INFO  c.e.automate.ExistingPatientLogin - ChromeDriver initialized successfully The Existing Patient Application Flow.
2024-05-30 12:12:30.803 [main] ERROR c.e.automate.ExistingPatientLogin - Error: Patient Information page icon is not displayed.
2024-05-30 12:12:44.763 [main] ERROR c.e.automate.ExistingPatientLogin - Error: Patient Information button color is incorrect. Expecte button color is rgba(47, 175, 83, 1)But the actual is. rgba(51, 188, 89, 1)
2024-05-30 12:12:48.477 [main] INFO  c.e.automate.ExistingPatientLogin - Browser closed and driver quit.

2024-05-30 12:47:49.061 [main] INFO  c.e.automate.ExistingPatientLogin - ChromeDriver initialized successfully The Existing Patient Application Flow.
2024-05-30 12:48:05.202 [main] ERROR c.e.automate.ExistingPatientLogin - Error: Patient Information page icon is not displayed.
2024-05-30 12:48:16.839 [main] ERROR c.e.automate.ExistingPatientLogin - Error: Patient Information button color is incorrect. Expecte button color is rgba(51, 188, 89, 1But the actual is. rgba(51, 188, 89, 1)
2024-05-30 12:48:20.054 [main] INFO  c.e.automate.ExistingPatientLogin - Browser closed and driver quit.

2024-05-30 12:48:59.398 [main] INFO  c.e.automate.ExistingPatientLogin - ChromeDriver initialized successfully The Existing Patient Application Flow.
2024-05-30 12:49:23.153 [main] ERROR c.e.automate.ExistingPatientLogin - Error: Patient Information page icon is not displayed.
2024-05-30 12:49:29.414 [main] ERROR c.e.automate.ExistingPatientLogin - Error: Patient Information button color is incorrect. Expecte button color is rgba(51, 188, 89, 1But the actual is. rgba(51, 188, 89, 1)
2024-05-30 12:49:32.591 [main] INFO  c.e.automate.ExistingPatientLogin - Browser closed and driver quit.

2024-05-30 12:50:24.635 [main] INFO  c.e.automate.ExistingPatientLogin - ChromeDriver initialized successfully The Existing Patient Application Flow.
2024-05-30 12:50:54.748 [main] ERROR c.e.automate.ExistingPatientLogin - Error: Patient Information button color is incorrect. Expecte button color is rgba(51, 188, 89, 1But the actual is. rgba(51, 188, 89, 1)
2024-05-30 12:50:58.029 [main] INFO  c.e.automate.ExistingPatientLogin - Browser closed and driver quit.

2024-05-30 12:51:25.427 [main] INFO  c.e.automate.ExistingPatientLogin - ChromeDriver initialized successfully The Existing Patient Application Flow.
2024-05-30 12:51:56.486 [main] ERROR c.e.automate.ExistingPatientLogin - Error: Patient Information button color is incorrect. Expecte button color is rgba(51, 188, 89, 1But the actual is. rgba(51, 188, 89, 1)
2024-05-30 12:51:59.802 [main] INFO  c.e.automate.ExistingPatientLogin - Browser closed and driver quit.

2024-05-30 12:58:21.720 [main] INFO  c.e.automate.ExistingPatientLogin - ChromeDriver initialized successfully The Existing Patient Application Flow.
2024-05-30 12:58:58.206 [main] ERROR c.e.automate.ExistingPatientLogin - Error: Patient Information button color is incorrect. Expecte button color is rgba(51, 188, 89, 1But the actual is. rgba(51, 188, 89, 1)
2024-05-30 12:59:12.962 [main] INFO  c.e.automate.ExistingPatientLogin - Browser closed and driver quit.

2024-05-30 13:51:47.386 [main] INFO  c.e.automate.ExistingPatientLogin - ChromeDriver initialized successfully The Existing Patient Application Flow.
2024-05-30 13:52:18.240 [main] ERROR c.e.automate.ExistingPatientLogin - Error: Login was not successful, URL did not change to the home page. Expected: http://127.0.0.1:90/#/home, but got: http://127.0.0.1:90/#/login
java.lang.Exception: URL mismatch
	at com.example.automate.ExistingPatientLogin.loginPage(ExistingPatientLogin.java:395)
	at java.base/jdk.internal.reflect.NativeMethodAccessorImpl.invoke0(Native Method)
	at java.base/jdk.internal.reflect.NativeMethodAccessorImpl.invoke(NativeMethodAccessorImpl.java:62)
	at java.base/jdk.internal.reflect.DelegatingMethodAccessorImpl.invoke(DelegatingMethodAccessorImpl.java:43)
	at java.base/java.lang.reflect.Method.invoke(Method.java:566)
	at org.testng.internal.invokers.MethodInvocationHelper.invokeMethod(MethodInvocationHelper.java:139)
	at org.testng.internal.invokers.TestInvoker.invokeMethod(TestInvoker.java:664)
	at org.testng.internal.invokers.TestInvoker.invokeTestMethod(TestInvoker.java:228)
	at org.testng.internal.invokers.MethodRunner.runInSequence(MethodRunner.java:63)
	at org.testng.internal.invokers.TestInvoker$MethodInvocationAgent.invoke(TestInvoker.java:961)
	at org.testng.internal.invokers.TestInvoker.invokeTestMethods(TestInvoker.java:201)
	at org.testng.internal.invokers.TestMethodWorker.invokeTestMethods(TestMethodWorker.java:148)
	at org.testng.internal.invokers.TestMethodWorker.run(TestMethodWorker.java:128)
	at java.base/java.util.ArrayList.forEach(ArrayList.java:1541)
	at org.testng.TestRunner.privateRun(TestRunner.java:819)
	at org.testng.TestRunner.run(TestRunner.java:619)
	at org.testng.SuiteRunner.runTest(SuiteRunner.java:443)
	at org.testng.SuiteRunner.runSequentially(SuiteRunner.java:437)
	at org.testng.SuiteRunner.privateRun(SuiteRunner.java:397)
	at org.testng.SuiteRunner.run(SuiteRunner.java:336)
	at org.testng.SuiteRunnerWorker.runSuite(SuiteRunnerWorker.java:52)
	at org.testng.SuiteRunnerWorker.run(SuiteRunnerWorker.java:95)
	at org.testng.TestNG.runSuitesSequentially(TestNG.java:1301)
	at org.testng.TestNG.runSuitesLocally(TestNG.java:1228)
	at org.testng.TestNG.runSuites(TestNG.java:1134)
	at org.testng.TestNG.run(TestNG.java:1101)
	at org.testng.remote.AbstractRemoteTestNG.run(AbstractRemoteTestNG.java:115)
	at org.testng.remote.RemoteTestNG.initAndRun(RemoteTestNG.java:293)
	at org.testng.remote.RemoteTestNG.main(RemoteTestNG.java:91)
2024-05-30 13:54:56.251 [main] INFO  c.e.automate.ExistingPatientLogin - ChromeDriver initialized successfully The Existing Patient Application Flow.
2024-05-30 13:55:28.221 [main] ERROR c.e.automate.ExistingPatientLogin - Error: Login was not successful, URL did not change to the home page. Expected: http://127.0.0.1:90/#/home, but got: http://127.0.0.1:90/#/login
java.lang.Exception: URL mismatch
	at com.example.automate.ExistingPatientLogin.loginPage(ExistingPatientLogin.java:395)
	at java.base/jdk.internal.reflect.NativeMethodAccessorImpl.invoke0(Native Method)
	at java.base/jdk.internal.reflect.NativeMethodAccessorImpl.invoke(NativeMethodAccessorImpl.java:62)
	at java.base/jdk.internal.reflect.DelegatingMethodAccessorImpl.invoke(DelegatingMethodAccessorImpl.java:43)
	at java.base/java.lang.reflect.Method.invoke(Method.java:566)
	at org.testng.internal.invokers.MethodInvocationHelper.invokeMethod(MethodInvocationHelper.java:139)
	at org.testng.internal.invokers.TestInvoker.invokeMethod(TestInvoker.java:664)
	at org.testng.internal.invokers.TestInvoker.invokeTestMethod(TestInvoker.java:228)
	at org.testng.internal.invokers.MethodRunner.runInSequence(MethodRunner.java:63)
	at org.testng.internal.invokers.TestInvoker$MethodInvocationAgent.invoke(TestInvoker.java:961)
	at org.testng.internal.invokers.TestInvoker.invokeTestMethods(TestInvoker.java:201)
	at org.testng.internal.invokers.TestMethodWorker.invokeTestMethods(TestMethodWorker.java:148)
	at org.testng.internal.invokers.TestMethodWorker.run(TestMethodWorker.java:128)
	at java.base/java.util.ArrayList.forEach(ArrayList.java:1541)
	at org.testng.TestRunner.privateRun(TestRunner.java:819)
	at org.testng.TestRunner.run(TestRunner.java:619)
	at org.testng.SuiteRunner.runTest(SuiteRunner.java:443)
	at org.testng.SuiteRunner.runSequentially(SuiteRunner.java:437)
	at org.testng.SuiteRunner.privateRun(SuiteRunner.java:397)
	at org.testng.SuiteRunner.run(SuiteRunner.java:336)
	at org.testng.SuiteRunnerWorker.runSuite(SuiteRunnerWorker.java:52)
	at org.testng.SuiteRunnerWorker.run(SuiteRunnerWorker.java:95)
	at org.testng.TestNG.runSuitesSequentially(TestNG.java:1301)
	at org.testng.TestNG.runSuitesLocally(TestNG.java:1228)
	at org.testng.TestNG.runSuites(TestNG.java:1134)
	at org.testng.TestNG.run(TestNG.java:1101)
	at org.testng.remote.AbstractRemoteTestNG.run(AbstractRemoteTestNG.java:115)
	at org.testng.remote.RemoteTestNG.initAndRun(RemoteTestNG.java:293)
	at org.testng.remote.RemoteTestNG.main(RemoteTestNG.java:91)
2024-05-30 13:57:22.071 [main] INFO  c.e.automate.ExistingPatientLogin - ChromeDriver initialized successfully The Existing Patient Application Flow.
2024-05-30 13:57:27.380 [main] INFO  c.e.automate.ExistingPatientLogin - Browser closed and driver quit.

2024-05-30 14:26:45.996 [main] INFO  c.e.automate.ExistingPatientLogin - ChromeDriver initialized successfully The Existing Patient Application Flow.
2024-05-30 14:26:52.047 [main] INFO  c.e.automate.ExistingPatientLogin - Browser closed and driver quit.

2024-05-30 14:29:40.179 [main] INFO  c.e.automate.ExistingPatientLogin - ChromeDriver initialized successfully The Existing Patient Application Flow.
2024-05-30 14:30:10.859 [main] ERROR c.e.automate.ExistingPatientLogin - Error: Login was not successful, URL did not change to the home page. Expected: http://127.0.0.1:90/#/home, but got: http://127.0.0.1:90/#/login
java.lang.Exception: URL mismatch
	at com.example.automate.ExistingPatientLogin.loginPage(ExistingPatientLogin.java:396)
	at java.base/jdk.internal.reflect.NativeMethodAccessorImpl.invoke0(Native Method)
	at java.base/jdk.internal.reflect.NativeMethodAccessorImpl.invoke(NativeMethodAccessorImpl.java:62)
	at java.base/jdk.internal.reflect.DelegatingMethodAccessorImpl.invoke(DelegatingMethodAccessorImpl.java:43)
	at java.base/java.lang.reflect.Method.invoke(Method.java:566)
	at org.testng.internal.invokers.MethodInvocationHelper.invokeMethod(MethodInvocationHelper.java:139)
	at org.testng.internal.invokers.TestInvoker.invokeMethod(TestInvoker.java:664)
	at org.testng.internal.invokers.TestInvoker.invokeTestMethod(TestInvoker.java:228)
	at org.testng.internal.invokers.MethodRunner.runInSequence(MethodRunner.java:63)
	at org.testng.internal.invokers.TestInvoker$MethodInvocationAgent.invoke(TestInvoker.java:961)
	at org.testng.internal.invokers.TestInvoker.invokeTestMethods(TestInvoker.java:201)
	at org.testng.internal.invokers.TestMethodWorker.invokeTestMethods(TestMethodWorker.java:148)
	at org.testng.internal.invokers.TestMethodWorker.run(TestMethodWorker.java:128)
	at java.base/java.util.ArrayList.forEach(ArrayList.java:1541)
	at org.testng.TestRunner.privateRun(TestRunner.java:819)
	at org.testng.TestRunner.run(TestRunner.java:619)
	at org.testng.SuiteRunner.runTest(SuiteRunner.java:443)
	at org.testng.SuiteRunner.runSequentially(SuiteRunner.java:437)
	at org.testng.SuiteRunner.privateRun(SuiteRunner.java:397)
	at org.testng.SuiteRunner.run(SuiteRunner.java:336)
	at org.testng.SuiteRunnerWorker.runSuite(SuiteRunnerWorker.java:52)
	at org.testng.SuiteRunnerWorker.run(SuiteRunnerWorker.java:95)
	at org.testng.TestNG.runSuitesSequentially(TestNG.java:1301)
	at org.testng.TestNG.runSuitesLocally(TestNG.java:1228)
	at org.testng.TestNG.runSuites(TestNG.java:1134)
	at org.testng.TestNG.run(TestNG.java:1101)
	at org.testng.remote.AbstractRemoteTestNG.run(AbstractRemoteTestNG.java:115)
	at org.testng.remote.RemoteTestNG.initAndRun(RemoteTestNG.java:293)
	at org.testng.remote.RemoteTestNG.main(RemoteTestNG.java:91)
2024-05-30 14:35:13.217 [main] INFO  c.e.automate.ExistingPatientLogin - Browser closed and driver quit.

2024-05-30 20:17:21.570 [main] INFO  c.e.automate.ExistingPatientLogin - ChromeDriver initialized successfully The Existing Patient Application Flow.
2024-05-30 20:18:00.511 [main] ERROR c.e.automate.ExistingPatientLogin - Error: Patient Information button color is incorrect. Expecte button color is rgba(51, 188, 89, 1But the actual is. rgba(51, 188, 89, 1)
2024-05-30 20:18:03.756 [main] INFO  c.e.automate.ExistingPatientLogin - Browser closed and driver quit.

2024-05-30 20:18:55.836 [main] INFO  c.e.automate.ExistingPatientLogin - ChromeDriver initialized successfully The Existing Patient Application Flow.
2024-05-30 20:19:32.485 [main] ERROR c.e.automate.ExistingPatientLogin - Error: Patient Information button color is incorrect. Expecte button color is rgba(51, 188, 89, 1But the actual is. rgba(51, 188, 89, 1)
2024-05-30 20:19:35.712 [main] INFO  c.e.automate.ExistingPatientLogin - Browser closed and driver quit.

2024-05-30 20:31:26.503 [main] INFO  c.e.automate.ExistingPatientLogin - ChromeDriver initialized successfully The Existing Patient Application Flow.
2024-05-30 20:32:47.834 [main] ERROR c.e.automate.ExistingPatientLogin - Error: Patient Information button color is incorrect. Expecte button color is rgba(51, 188, 89, 1But the actual is. rgba(51, 188, 89, 1)
2024-05-30 20:32:51.021 [main] INFO  c.e.automate.ExistingPatientLogin - Browser closed and driver quit.

2024-05-30 21:10:23.114 [main] INFO  c.e.automate.ExistingPatientLogin - ChromeDriver initialized successfully The Existing Patient Application Flow.
2024-05-30 21:11:48.451 [main] INFO  c.e.automate.ExistingPatientLogin - Browser closed and driver quit.

2024-05-30 21:21:05.633 [main] INFO  c.e.automate.ExistingPatientLogin - ChromeDriver initialized successfully The Existing Patient Application Flow.
2024-05-30 21:22:13.031 [main] ERROR c.e.automate.ExistingPatientLogin - Error: Login was not successful, URL did not change to the home page. Expected: http://127.0.0.1:90/#/home, but got: http://127.0.0.1:90/#/home
java.lang.AssertionError: http://127.0.0.1:90/#/home expected [http://127.0.0.1:90/#/home] but found [Error: Login was not successful, URL did not change to the home page.]
	at org.testng.Assert.fail(Assert.java:111)
	at org.testng.Assert.failNotEquals(Assert.java:1578)
	at org.testng.Assert.assertEqualsImpl(Assert.java:150)
	at org.testng.Assert.assertEquals(Assert.java:132)
	at org.testng.Assert.assertEquals(Assert.java:656)
	at com.example.automate.ExistingPatientLogin.loginPage(ExistingPatientLogin.java:422)
	at java.base/jdk.internal.reflect.NativeMethodAccessorImpl.invoke0(Native Method)
	at java.base/jdk.internal.reflect.NativeMethodAccessorImpl.invoke(NativeMethodAccessorImpl.java:62)
	at java.base/jdk.internal.reflect.DelegatingMethodAccessorImpl.invoke(DelegatingMethodAccessorImpl.java:43)
	at java.base/java.lang.reflect.Method.invoke(Method.java:566)
	at org.testng.internal.invokers.MethodInvocationHelper.invokeMethod(MethodInvocationHelper.java:139)
	at org.testng.internal.invokers.TestInvoker.invokeMethod(TestInvoker.java:664)
	at org.testng.internal.invokers.TestInvoker.invokeTestMethod(TestInvoker.java:228)
	at org.testng.internal.invokers.MethodRunner.runInSequence(MethodRunner.java:63)
	at org.testng.internal.invokers.TestInvoker$MethodInvocationAgent.invoke(TestInvoker.java:961)
	at org.testng.internal.invokers.TestInvoker.invokeTestMethods(TestInvoker.java:201)
	at org.testng.internal.invokers.TestMethodWorker.invokeTestMethods(TestMethodWorker.java:148)
	at org.testng.internal.invokers.TestMethodWorker.run(TestMethodWorker.java:128)
	at java.base/java.util.ArrayList.forEach(ArrayList.java:1541)
	at org.testng.TestRunner.privateRun(TestRunner.java:819)
	at org.testng.TestRunner.run(TestRunner.java:619)
	at org.testng.SuiteRunner.runTest(SuiteRunner.java:443)
	at org.testng.SuiteRunner.runSequentially(SuiteRunner.java:437)
	at org.testng.SuiteRunner.privateRun(SuiteRunner.java:397)
	at org.testng.SuiteRunner.run(SuiteRunner.java:336)
	at org.testng.SuiteRunnerWorker.runSuite(SuiteRunnerWorker.java:52)
	at org.testng.SuiteRunnerWorker.run(SuiteRunnerWorker.java:95)
	at org.testng.TestNG.runSuitesSequentially(TestNG.java:1301)
	at org.testng.TestNG.runSuitesLocally(TestNG.java:1228)
	at org.testng.TestNG.runSuites(TestNG.java:1134)
	at org.testng.TestNG.run(TestNG.java:1101)
	at org.testng.remote.AbstractRemoteTestNG.run(AbstractRemoteTestNG.java:115)
	at org.testng.remote.RemoteTestNG.initAndRun(RemoteTestNG.java:293)
	at org.testng.remote.RemoteTestNG.main(RemoteTestNG.java:91)
2024-05-30 21:22:14.911 [main] ERROR c.e.automate.ExistingPatientLogin - Error: Could not find Clear Fields button or one of the input fields.
org.openqa.selenium.ElementClickInterceptedException: element click intercepted: Element <button _ngcontent-cuy-c371="" type="button" class="btn btn-default pull-right ng-star-inserted">...</button> is not clickable at point (1186, 139). Other element would receive the click: <div class="cdk-global-overlay-wrapper" dir="ltr" style="justify-content: center; align-items: center;">...</div>
  (Session info: chrome=126.0.6423.2)
Build info: version: '4.21.0', revision: '79ed462ef4'
System info: os.name: 'Windows 10', os.arch: 'amd64', os.version: '10.0', java.version: '11.0.13'
Driver info: org.openqa.selenium.chrome.ChromeDriver
Command: [4ad6c0f12f674f684bf8b0046f9ff779, clickElement {id=f.3706D56C65E501E93245DA18AD6F38C4.d.FA9EC045606D3349DD01803FF0151AD6.e.98}]
Capabilities {acceptInsecureCerts: false, browserName: chrome, browserVersion: 126.0.6423.2, chrome: {chromedriverVersion: 125.0.6396.3 (996e2dd9818f0..., userDataDir: C:\Users\solve\AppData\Loca...}, fedcm:accounts: true, goog:chromeOptions: {debuggerAddress: localhost:56723}, networkConnectionEnabled: false, pageLoadStrategy: normal, platformName: windows, proxy: Proxy(), se:cdp: ws://localhost:56723/devtoo..., se:cdpVersion: 126.0.6423.2, setWindowRect: true, strictFileInteractability: false, timeouts: {implicit: 0, pageLoad: 300000, script: 30000}, unhandledPromptBehavior: dismiss and notify, webauthn:extension:credBlob: true, webauthn:extension:largeBlob: true, webauthn:extension:minPinLength: true, webauthn:extension:prf: true, webauthn:virtualAuthenticators: true}
Element: [[ChromeDriver: chrome on windows (4ad6c0f12f674f684bf8b0046f9ff779)] -> css selector: button.btn.btn-default.pull-right.ng-star-inserted]
Session ID: 4ad6c0f12f674f684bf8b0046f9ff779
	at java.base/jdk.internal.reflect.NativeConstructorAccessorImpl.newInstance0(Native Method)
	at java.base/jdk.internal.reflect.NativeConstructorAccessorImpl.newInstance(NativeConstructorAccessorImpl.java:62)
	at java.base/jdk.internal.reflect.DelegatingConstructorAccessorImpl.newInstance(DelegatingConstructorAccessorImpl.java:45)
	at java.base/java.lang.reflect.Constructor.newInstance(Constructor.java:490)
	at org.openqa.selenium.remote.ErrorCodec.decode(ErrorCodec.java:167)
	at org.openqa.selenium.remote.codec.w3c.W3CHttpResponseCodec.decode(W3CHttpResponseCodec.java:138)
	at org.openqa.selenium.remote.codec.w3c.W3CHttpResponseCodec.decode(W3CHttpResponseCodec.java:50)
	at org.openqa.selenium.remote.HttpCommandExecutor.execute(HttpCommandExecutor.java:190)
	at org.openqa.selenium.remote.service.DriverCommandExecutor.invokeExecute(DriverCommandExecutor.java:216)
	at org.openqa.selenium.remote.service.DriverCommandExecutor.execute(DriverCommandExecutor.java:174)
	at org.openqa.selenium.remote.RemoteWebDriver.execute(RemoteWebDriver.java:518)
	at org.openqa.selenium.remote.RemoteWebElement.execute(RemoteWebElement.java:223)
	at org.openqa.selenium.remote.RemoteWebElement.click(RemoteWebElement.java:76)
	at com.example.automate.ExistingPatientLogin.loginPage(ExistingPatientLogin.java:521)
	at java.base/jdk.internal.reflect.NativeMethodAccessorImpl.invoke0(Native Method)
	at java.base/jdk.internal.reflect.NativeMethodAccessorImpl.invoke(NativeMethodAccessorImpl.java:62)
	at java.base/jdk.internal.reflect.DelegatingMethodAccessorImpl.invoke(DelegatingMethodAccessorImpl.java:43)
	at java.base/java.lang.reflect.Method.invoke(Method.java:566)
	at org.testng.internal.invokers.MethodInvocationHelper.invokeMethod(MethodInvocationHelper.java:139)
	at org.testng.internal.invokers.TestInvoker.invokeMethod(TestInvoker.java:664)
	at org.testng.internal.invokers.TestInvoker.invokeTestMethod(TestInvoker.java:228)
	at org.testng.internal.invokers.MethodRunner.runInSequence(MethodRunner.java:63)
	at org.testng.internal.invokers.TestInvoker$MethodInvocationAgent.invoke(TestInvoker.java:961)
	at org.testng.internal.invokers.TestInvoker.invokeTestMethods(TestInvoker.java:201)
	at org.testng.internal.invokers.TestMethodWorker.invokeTestMethods(TestMethodWorker.java:148)
	at org.testng.internal.invokers.TestMethodWorker.run(TestMethodWorker.java:128)
	at java.base/java.util.ArrayList.forEach(ArrayList.java:1541)
	at org.testng.TestRunner.privateRun(TestRunner.java:819)
	at org.testng.TestRunner.run(TestRunner.java:619)
	at org.testng.SuiteRunner.runTest(SuiteRunner.java:443)
	at org.testng.SuiteRunner.runSequentially(SuiteRunner.java:437)
	at org.testng.SuiteRunner.privateRun(SuiteRunner.java:397)
	at org.testng.SuiteRunner.run(SuiteRunner.java:336)
	at org.testng.SuiteRunnerWorker.runSuite(SuiteRunnerWorker.java:52)
	at org.testng.SuiteRunnerWorker.run(SuiteRunnerWorker.java:95)
	at org.testng.TestNG.runSuitesSequentially(TestNG.java:1301)
	at org.testng.TestNG.runSuitesLocally(TestNG.java:1228)
	at org.testng.TestNG.runSuites(TestNG.java:1134)
	at org.testng.TestNG.run(TestNG.java:1101)
	at org.testng.remote.AbstractRemoteTestNG.run(AbstractRemoteTestNG.java:115)
	at org.testng.remote.RemoteTestNG.initAndRun(RemoteTestNG.java:293)
	at org.testng.remote.RemoteTestNG.main(RemoteTestNG.java:91)
2024-05-30 21:22:20.067 [main] ERROR c.e.automate.ExistingPatientLogin - Error: Patient Information button color is incorrect. Expecte button color is rgba(51, 188, 89, 1But the actual is. rgba(51, 188, 89, 1)
2024-05-30 21:22:52.126 [main] INFO  c.e.automate.ExistingPatientLogin - Browser closed and driver quit.

2024-05-30 21:48:27.462 [main] INFO  c.e.automate.ExistingPatientLogin - ChromeDriver initialized successfully The Existing Patient Application Flow.
2024-05-30 21:49:53.529 [main] ERROR c.e.automate.ExistingPatientLogin - Error: Login was not successful, URL did not change to the home page. Expected: http://127.0.0.1:90/#/home, but got: http://127.0.0.1:90/#/home
java.lang.AssertionError: http://127.0.0.1:90/#/home expected [http://127.0.0.1:90/#/home] but found [Error: Login was not successful, URL did not change to the home page.]
	at org.testng.Assert.fail(Assert.java:111)
	at org.testng.Assert.failNotEquals(Assert.java:1578)
	at org.testng.Assert.assertEqualsImpl(Assert.java:150)
	at org.testng.Assert.assertEquals(Assert.java:132)
	at org.testng.Assert.assertEquals(Assert.java:656)
	at com.example.automate.ExistingPatientLogin.loginPage(ExistingPatientLogin.java:422)
	at java.base/jdk.internal.reflect.NativeMethodAccessorImpl.invoke0(Native Method)
	at java.base/jdk.internal.reflect.NativeMethodAccessorImpl.invoke(NativeMethodAccessorImpl.java:62)
	at java.base/jdk.internal.reflect.DelegatingMethodAccessorImpl.invoke(DelegatingMethodAccessorImpl.java:43)
	at java.base/java.lang.reflect.Method.invoke(Method.java:566)
	at org.testng.internal.invokers.MethodInvocationHelper.invokeMethod(MethodInvocationHelper.java:139)
	at org.testng.internal.invokers.TestInvoker.invokeMethod(TestInvoker.java:664)
	at org.testng.internal.invokers.TestInvoker.invokeTestMethod(TestInvoker.java:228)
	at org.testng.internal.invokers.MethodRunner.runInSequence(MethodRunner.java:63)
	at org.testng.internal.invokers.TestInvoker$MethodInvocationAgent.invoke(TestInvoker.java:961)
	at org.testng.internal.invokers.TestInvoker.invokeTestMethods(TestInvoker.java:201)
	at org.testng.internal.invokers.TestMethodWorker.invokeTestMethods(TestMethodWorker.java:148)
	at org.testng.internal.invokers.TestMethodWorker.run(TestMethodWorker.java:128)
	at java.base/java.util.ArrayList.forEach(ArrayList.java:1541)
	at org.testng.TestRunner.privateRun(TestRunner.java:819)
	at org.testng.TestRunner.run(TestRunner.java:619)
	at org.testng.SuiteRunner.runTest(SuiteRunner.java:443)
	at org.testng.SuiteRunner.runSequentially(SuiteRunner.java:437)
	at org.testng.SuiteRunner.privateRun(SuiteRunner.java:397)
	at org.testng.SuiteRunner.run(SuiteRunner.java:336)
	at org.testng.SuiteRunnerWorker.runSuite(SuiteRunnerWorker.java:52)
	at org.testng.SuiteRunnerWorker.run(SuiteRunnerWorker.java:95)
	at org.testng.TestNG.runSuitesSequentially(TestNG.java:1301)
	at org.testng.TestNG.runSuitesLocally(TestNG.java:1228)
	at org.testng.TestNG.runSuites(TestNG.java:1134)
	at org.testng.TestNG.run(TestNG.java:1101)
	at org.testng.remote.AbstractRemoteTestNG.run(AbstractRemoteTestNG.java:115)
	at org.testng.remote.RemoteTestNG.initAndRun(RemoteTestNG.java:293)
	at org.testng.remote.RemoteTestNG.main(RemoteTestNG.java:91)
2024-05-30 21:49:55.346 [main] ERROR c.e.automate.ExistingPatientLogin - Error: Could not find Clear Fields button or one of the input fields.
org.openqa.selenium.ElementClickInterceptedException: element click intercepted: Element <button _ngcontent-cug-c371="" type="button" class="btn btn-default pull-right ng-star-inserted">...</button> is not clickable at point (1186, 139). Other element would receive the click: <div class="cdk-global-overlay-wrapper" dir="ltr" style="justify-content: center; align-items: center;">...</div>
  (Session info: chrome=126.0.6423.2)
Build info: version: '4.21.0', revision: '79ed462ef4'
System info: os.name: 'Windows 10', os.arch: 'amd64', os.version: '10.0', java.version: '11.0.13'
Driver info: org.openqa.selenium.chrome.ChromeDriver
Command: [eb700d3bc2a46b51984c1ca60de61137, clickElement {id=f.0361D348EB50F76051ED86E176DD67ED.d.FAE0C7418D089808D8CA5B5F0687E786.e.103}]
Capabilities {acceptInsecureCerts: false, browserName: chrome, browserVersion: 126.0.6423.2, chrome: {chromedriverVersion: 125.0.6396.3 (996e2dd9818f0..., userDataDir: C:\Users\solve\AppData\Loca...}, fedcm:accounts: true, goog:chromeOptions: {debuggerAddress: localhost:51408}, networkConnectionEnabled: false, pageLoadStrategy: normal, platformName: windows, proxy: Proxy(), se:cdp: ws://localhost:51408/devtoo..., se:cdpVersion: 126.0.6423.2, setWindowRect: true, strictFileInteractability: false, timeouts: {implicit: 0, pageLoad: 300000, script: 30000}, unhandledPromptBehavior: dismiss and notify, webauthn:extension:credBlob: true, webauthn:extension:largeBlob: true, webauthn:extension:minPinLength: true, webauthn:extension:prf: true, webauthn:virtualAuthenticators: true}
Element: [[ChromeDriver: chrome on windows (eb700d3bc2a46b51984c1ca60de61137)] -> css selector: button.btn.btn-default.pull-right.ng-star-inserted]
Session ID: eb700d3bc2a46b51984c1ca60de61137
	at java.base/jdk.internal.reflect.NativeConstructorAccessorImpl.newInstance0(Native Method)
	at java.base/jdk.internal.reflect.NativeConstructorAccessorImpl.newInstance(NativeConstructorAccessorImpl.java:62)
	at java.base/jdk.internal.reflect.DelegatingConstructorAccessorImpl.newInstance(DelegatingConstructorAccessorImpl.java:45)
	at java.base/java.lang.reflect.Constructor.newInstance(Constructor.java:490)
	at org.openqa.selenium.remote.ErrorCodec.decode(ErrorCodec.java:167)
	at org.openqa.selenium.remote.codec.w3c.W3CHttpResponseCodec.decode(W3CHttpResponseCodec.java:138)
	at org.openqa.selenium.remote.codec.w3c.W3CHttpResponseCodec.decode(W3CHttpResponseCodec.java:50)
	at org.openqa.selenium.remote.HttpCommandExecutor.execute(HttpCommandExecutor.java:190)
	at org.openqa.selenium.remote.service.DriverCommandExecutor.invokeExecute(DriverCommandExecutor.java:216)
	at org.openqa.selenium.remote.service.DriverCommandExecutor.execute(DriverCommandExecutor.java:174)
	at org.openqa.selenium.remote.RemoteWebDriver.execute(RemoteWebDriver.java:518)
	at org.openqa.selenium.remote.RemoteWebElement.execute(RemoteWebElement.java:223)
	at org.openqa.selenium.remote.RemoteWebElement.click(RemoteWebElement.java:76)
	at com.example.automate.ExistingPatientLogin.loginPage(ExistingPatientLogin.java:521)
	at java.base/jdk.internal.reflect.NativeMethodAccessorImpl.invoke0(Native Method)
	at java.base/jdk.internal.reflect.NativeMethodAccessorImpl.invoke(NativeMethodAccessorImpl.java:62)
	at java.base/jdk.internal.reflect.DelegatingMethodAccessorImpl.invoke(DelegatingMethodAccessorImpl.java:43)
	at java.base/java.lang.reflect.Method.invoke(Method.java:566)
	at org.testng.internal.invokers.MethodInvocationHelper.invokeMethod(MethodInvocationHelper.java:139)
	at org.testng.internal.invokers.TestInvoker.invokeMethod(TestInvoker.java:664)
	at org.testng.internal.invokers.TestInvoker.invokeTestMethod(TestInvoker.java:228)
	at org.testng.internal.invokers.MethodRunner.runInSequence(MethodRunner.java:63)
	at org.testng.internal.invokers.TestInvoker$MethodInvocationAgent.invoke(TestInvoker.java:961)
	at org.testng.internal.invokers.TestInvoker.invokeTestMethods(TestInvoker.java:201)
	at org.testng.internal.invokers.TestMethodWorker.invokeTestMethods(TestMethodWorker.java:148)
	at org.testng.internal.invokers.TestMethodWorker.run(TestMethodWorker.java:128)
	at java.base/java.util.ArrayList.forEach(ArrayList.java:1541)
	at org.testng.TestRunner.privateRun(TestRunner.java:819)
	at org.testng.TestRunner.run(TestRunner.java:619)
	at org.testng.SuiteRunner.runTest(SuiteRunner.java:443)
	at org.testng.SuiteRunner.runSequentially(SuiteRunner.java:437)
	at org.testng.SuiteRunner.privateRun(SuiteRunner.java:397)
	at org.testng.SuiteRunner.run(SuiteRunner.java:336)
	at org.testng.SuiteRunnerWorker.runSuite(SuiteRunnerWorker.java:52)
	at org.testng.SuiteRunnerWorker.run(SuiteRunnerWorker.java:95)
	at org.testng.TestNG.runSuitesSequentially(TestNG.java:1301)
	at org.testng.TestNG.runSuitesLocally(TestNG.java:1228)
	at org.testng.TestNG.runSuites(TestNG.java:1134)
	at org.testng.TestNG.run(TestNG.java:1101)
	at org.testng.remote.AbstractRemoteTestNG.run(AbstractRemoteTestNG.java:115)
	at org.testng.remote.RemoteTestNG.initAndRun(RemoteTestNG.java:293)
	at org.testng.remote.RemoteTestNG.main(RemoteTestNG.java:91)
2024-05-30 21:50:58.463 [main] INFO  c.e.automate.ExistingPatientLogin - Browser closed and driver quit.

