2024-05-28 14:28:18.650 [main] INFO  com.example.automate.NewPatientLogin - Closed the browser.
2024-05-28 14:29:40.254 [main] INFO  com.example.automate.NewPatientLogin - Closed the browser.
2024-05-28 14:36:10.549 [main] INFO  com.example.automate.NewPatientLogin - Closed the browser.
2024-05-28 14:37:38.713 [main] INFO  com.example.automate.NewPatientLogin - Login button hover color verified.
2024-05-28 14:38:07.132 [main] ERROR com.example.automate.NewPatientLogin - Error: Incorrect URL after clicking 'Take a Tour'. Expected: https://veradigm.com/predictive-scheduler/#about, but got: https://veradigm.com/predictive-scheduler/
2024-05-28 14:38:09.255 [main] INFO  com.example.automate.NewPatientLogin - Closed the browser.
2024-05-28 14:38:37.464 [main] INFO  com.example.automate.NewPatientLogin - Closed the browser.
2024-05-28 14:40:53.697 [main] ERROR com.example.automate.NewPatientLogin - Error: Error: Login was not successful, URL did not change to the home page. expected [http://127.0.0.1:90/#/home] but found [http://127.0.0.1:90/#/login]
2024-05-28 19:07:59.710 [main] INFO  com.example.automate.NewPatientLogin - Closed the browser.
2024-05-28 19:31:35.776 [main] INFO  com.example.automate.NewPatientLogin - Closed the browser.
2024-05-28 19:31:36.570 [main] INFO  com.example.automate.NewPatientLogin - Closed the browser.
2024-05-28 20:00:38.901 [main] INFO  com.example.automate.NewPatientLogin - Closed the browser.
2024-05-28 20:05:58.043 [main] ERROR com.example.automate.NewPatientLogin - Error: Login button color does not match. Expected: rgba(51, 188, 89, 1), but found: rgba(47, 175, 83, 1)
2024-05-28 20:06:34.642 [main] ERROR com.example.automate.NewPatientLogin - Error: Error: Login was not successful, URL did not change to the home page. expected [http://127.0.0.1:90/#/home] but found [http://127.0.0.1:90/#/login]
2024-05-28 20:27:58.154 [main] ERROR com.example.automate.NewPatientLogin - Error: Login button color does not match. Expected: rgba(51, 188, 89, 1), but found: rgba(47, 175, 83, 1)
2024-05-28 20:28:53.067 [main] INFO  com.example.automate.NewPatientLogin - Entered patient last name.
2024-05-28 20:28:53.162 [main] INFO  com.example.automate.NewPatientLogin - Entered patient first name.
2024-05-28 20:28:53.265 [main] INFO  com.example.automate.NewPatientLogin - Entered patient middle name.
2024-05-28 20:28:53.329 [main] INFO  com.example.automate.NewPatientLogin - Entered patient birth month.
2024-05-28 20:28:53.379 [main] INFO  com.example.automate.NewPatientLogin - Entered patient birth day.
2024-05-28 20:28:53.436 [main] INFO  com.example.automate.NewPatientLogin - Entered patient birth year.
2024-06-03 12:11:09.034 [main] ERROR com.example.automate.NewPatientLogin - Error: Login button color does not match. Expected: rgba(51, 188, 89, 1), but found: rgba(47, 175, 83, 1)
2024-06-03 12:11:44.789 [main] ERROR com.example.automate.NewPatientLogin - Error: Login was not successful, URL did not change to the home page. Expected: http://127.0.0.1:90/#/home, but got: http://127.0.0.1:90/#/login
2024-06-03 12:11:44.883 [main] ERROR com.example.automate.NewPatientLogin - Error: Login was not successful, URL did not change to the home page. Expected: http://127.0.0.1:90/#/home, but got: http://127.0.0.1:90/#/login
2024-06-03 12:11:46.964 [main] INFO  com.example.automate.NewPatientLogin - Closed the browser.
2024-06-04 15:12:23.170 [main] INFO  com.example.automate.NewPatientLogin - Home url is verified																				   - passed
2024-06-04 15:12:24.700 [main] INFO  com.example.automate.NewPatientLogin - Test 'Empty Username and Password' 																	   - passed.
2024-06-04 15:12:35.532 [main] INFO  com.example.automate.NewPatientLogin - Closed the browser.
2024-06-04 15:14:37.019 [main] INFO  com.example.automate.NewPatientLogin - Home url is verified																				   - passed
2024-06-04 15:14:38.537 [main] INFO  com.example.automate.NewPatientLogin - Test 'Empty Username and Password' 																	   - passed.
2024-06-04 15:14:49.295 [main] INFO  com.example.automate.NewPatientLogin - Closed the browser.
2024-06-04 15:15:57.769 [main] INFO  com.example.automate.NewPatientLogin - Home url is verified																				   - passed
2024-06-04 15:15:59.289 [main] INFO  com.example.automate.NewPatientLogin - Test 'Empty Username and Password' 																	   - passed.
2024-06-04 15:16:10.193 [main] INFO  com.example.automate.NewPatientLogin - Closed the browser.
2024-06-04 15:19:44.888 [main] INFO  com.example.automate.NewPatientLogin - Home url is verified																				   - passed
2024-06-04 15:19:46.417 [main] INFO  com.example.automate.NewPatientLogin - Test 'Empty Username and Password' 																	   - passed.
2024-06-04 15:19:56.884 [main] INFO  com.example.automate.NewPatientLogin - error message found while handling future date 														- passed
2024-06-04 15:20:10.833 [main] INFO  com.example.automate.NewPatientLogin - Closed the browser.
2024-06-04 15:55:40.059 [main] INFO  com.example.automate.NewPatientLogin - Home url is verified																				   - passed
2024-06-04 15:55:41.580 [main] INFO  com.example.automate.NewPatientLogin - Test 'Empty Username and Password' 																	   - passed.
2024-06-04 15:55:42.177 [main] INFO  com.example.automate.NewPatientLogin - error message found while handling Invalid date 														- passed
2024-06-04 15:55:42.798 [main] INFO  com.example.automate.NewPatientLogin - error message found while handling Invalid date 														- passed
2024-06-04 15:55:43.383 [main] INFO  com.example.automate.NewPatientLogin - error message found while handling future date 														- passed
2024-06-04 15:58:07.050 [main] INFO  com.example.automate.NewPatientLogin - Home url is verified																				   - passed
2024-06-04 15:58:08.589 [main] INFO  com.example.automate.NewPatientLogin - Test 'Empty Username and Password' 																	   - passed.
2024-06-04 15:58:09.275 [main] INFO  com.example.automate.NewPatientLogin - error message found while handling Invalid date 														- passed
2024-06-04 15:58:09.851 [main] INFO  com.example.automate.NewPatientLogin - error message found while handling Invalid date 														- passed
2024-06-04 15:58:10.511 [main] INFO  com.example.automate.NewPatientLogin - error message found while handling future date 														- passed
2024-06-04 16:22:35.042 [main] INFO  com.example.automate.NewPatientLogin - Closed the browser.
2024-06-04 16:24:46.529 [main] INFO  com.example.automate.NewPatientLogin - Home url is verified																				   - passed
2024-06-04 16:24:48.162 [main] INFO  com.example.automate.NewPatientLogin - Test 'Empty Username and Password' 																	   - passed.
2024-06-04 16:24:48.739 [main] INFO  com.example.automate.NewPatientLogin - error message found while handling Invalid date 														- passed
2024-06-04 16:24:49.381 [main] INFO  com.example.automate.NewPatientLogin - error message found while handling Invalid date 														- passed
2024-06-04 16:24:49.957 [main] INFO  com.example.automate.NewPatientLogin - error message found while handling future date 														- passed
2024-06-04 16:28:02.732 [main] INFO  com.example.automate.NewPatientLogin - Home url is verified																				   - passed
2024-06-04 16:28:04.378 [main] INFO  com.example.automate.NewPatientLogin - Test 'Empty Username and Password' 																	   - passed.
2024-06-04 16:28:04.983 [main] INFO  com.example.automate.NewPatientLogin - error message found while handling Invalid date 														- passed
2024-06-04 16:28:05.580 [main] INFO  com.example.automate.NewPatientLogin - error message found while handling Invalid date 														- passed
2024-06-04 16:28:06.251 [main] INFO  com.example.automate.NewPatientLogin - error message found while handling future date 														- passed
2024-06-04 16:30:06.506 [main] INFO  com.example.automate.NewPatientLogin - Home url is verified																				   - passed
2024-06-04 16:30:08.158 [main] INFO  com.example.automate.NewPatientLogin - Test 'Empty Username and Password' 																	   - passed.
2024-06-04 16:30:08.749 [main] INFO  com.example.automate.NewPatientLogin - error message found while handling Invalid date 														- passed
2024-06-04 16:30:09.353 [main] INFO  com.example.automate.NewPatientLogin - error message found while handling Invalid date 														- passed
2024-06-04 16:30:09.915 [main] INFO  com.example.automate.NewPatientLogin - error message found while handling future date 														- passed
2024-06-05 10:55:23.000 [main] INFO  com.example.automate.NewPatientLogin - Test 'Invalid Username' 																			   - passed.
2024-06-05 10:55:25.075 [main] INFO  com.example.automate.NewPatientLogin - Test 'Invalid Password' 																			   - passed.
2024-06-05 10:55:25.364 [main] INFO  com.example.automate.NewPatientLogin - Test 'Empty Username and Password' 																	- passed.
2024-06-05 10:55:27.067 [main] INFO  com.example.automate.NewPatientLogin - Test 'Empty Password' 																				   - passed.
2024-06-05 10:55:27.118 [main] INFO  com.example.automate.NewPatientLogin - Checked placeholders with their labels and required field marks 									   - passed.
2024-06-05 10:55:27.144 [main] INFO  com.example.automate.NewPatientLogin - Checked 'Login' button color 																		   - passed.
2024-06-05 10:55:30.378 [main] INFO  com.example.automate.NewPatientLogin - Verified 'Forgot Password Link' functionality 														   - passed.
2024-06-05 10:55:33.850 [main] INFO  com.example.automate.NewPatientLogin - Verified 'Forgot Username Link' functionality														   - passed.
2024-06-05 10:55:46.318 [main] INFO  com.example.automate.NewPatientLogin - Verified 'Take a Tour Link' functionality 															   - passed.
2024-06-05 10:55:52.143 [main] INFO  com.example.automate.NewPatientLogin - Verified 'Speak with a Representative Link' functionality 											   - passed.
2024-06-05 10:55:52.345 [main] INFO  com.example.automate.NewPatientLogin - Verified footer is in black color 																	   - passed.
2024-06-05 10:55:52.384 [main] INFO  com.example.automate.NewPatientLogin - Verified logo under footer																			   - passed.
2024-06-05 10:55:52.416 [main] INFO  com.example.automate.NewPatientLogin - Verified license reserved message after logo 														   - passed.
2024-06-05 10:55:52.446 [main] INFO  com.example.automate.NewPatientLogin - Verified privacy and security policy under footer 													   - passed.
2024-06-05 10:56:25.969 [main] INFO  com.example.automate.NewPatientLogin - Home url is verified																				   - passed
2024-06-05 10:56:27.691 [main] INFO  com.example.automate.NewPatientLogin - Test 'Empty Username and Password' 																	   - passed.
2024-06-05 10:56:28.392 [main] INFO  com.example.automate.NewPatientLogin - error message found while handling Invalid date 														- passed
2024-06-05 10:56:29.114 [main] INFO  com.example.automate.NewPatientLogin - error message found while handling Invalid date 														- passed
2024-06-05 10:56:29.820 [main] INFO  com.example.automate.NewPatientLogin - error message found while handling future date 														- passed
2024-06-05 11:04:17.238 [main] INFO  com.example.automate.NewPatientLogin - Home url is verified																				   - passed
2024-06-05 11:04:19.199 [main] INFO  com.example.automate.NewPatientLogin - Test 'Empty Username and Password' 																	   - passed.
2024-06-05 11:04:21.274 [main] INFO  com.example.automate.NewPatientLogin - error message found while handling Invalid date 														- passed
2024-06-05 11:45:14.269 [main] INFO  com.example.automate.NewPatientLogin - Home url is verified																				   - passed
2024-06-05 11:45:15.946 [main] INFO  com.example.automate.NewPatientLogin - Test 'Empty Username and Password' 																	   - passed.
2024-06-05 11:45:16.675 [main] INFO  com.example.automate.NewPatientLogin - error message found while handling Invalid date 														- passed
2024-06-05 11:45:17.721 [main] INFO  com.example.automate.NewPatientLogin - error message found while handling Invalid date 														- passed
2024-06-05 11:45:18.438 [main] INFO  com.example.automate.NewPatientLogin - error message found while handling future date 														- passed
2024-06-05 12:37:03.043 [main] INFO  com.example.automate.NewPatientLogin - Closed the browser.
2024-06-05 14:13:39.894 [main] INFO  com.example.automate.NewPatientLogin - Closed the browser.
2024-06-05 14:14:54.016 [main] INFO  com.example.automate.NewPatientLogin - Closed the browser.
2024-06-05 14:19:07.461 [main] INFO  com.example.automate.NewPatientLogin - Closed the browser.
2024-06-05 14:23:05.159 [main] ERROR com.example.automate.NewPatientLogin - Error during login process
org.openqa.selenium.TimeoutException: Expected condition failed: waiting for visibility of element located by By.cssSelector: .mb5.text-danger.ng-star-inserted (tried for 200 second(s) with 500 milliseconds interval)
	at org.openqa.selenium.support.ui.WebDriverWait.timeoutException(WebDriverWait.java:84)
	at org.openqa.selenium.support.ui.FluentWait.until(FluentWait.java:228)
	at com.example.automate.NewPatientLogin.loginWithInvalidUsername(NewPatientLogin.java:685)
	at com.example.automate.NewPatientLogin.loginPage(NewPatientLogin.java:66)
	at java.base/jdk.internal.reflect.NativeMethodAccessorImpl.invoke0(Native Method)
	at java.base/jdk.internal.reflect.NativeMethodAccessorImpl.invoke(NativeMethodAccessorImpl.java:62)
	at java.base/jdk.internal.reflect.DelegatingMethodAccessorImpl.invoke(DelegatingMethodAccessorImpl.java:43)
	at java.base/java.lang.reflect.Method.invoke(Method.java:566)
	at org.testng.internal.invokers.MethodInvocationHelper.invokeMethod(MethodInvocationHelper.java:139)
	at org.testng.internal.invokers.TestInvoker.invokeMethod(TestInvoker.java:664)
	at org.testng.internal.invokers.TestInvoker.invokeTestMethod(TestInvoker.java:228)
	at org.testng.internal.invokers.MethodRunner.runInSequence(MethodRunner.java:63)
	at org.testng.internal.invokers.TestInvoker$MethodInvocationAgent.invoke(TestInvoker.java:961)
	at org.testng.internal.invokers.TestInvoker.invokeTestMethods(TestInvoker.java:201)
	at org.testng.internal.invokers.TestMethodWorker.invokeTestMethods(TestMethodWorker.java:148)
	at org.testng.internal.invokers.TestMethodWorker.run(TestMethodWorker.java:128)
	at java.base/java.util.ArrayList.forEach(ArrayList.java:1541)
	at org.testng.TestRunner.privateRun(TestRunner.java:819)
	at org.testng.TestRunner.run(TestRunner.java:619)
	at org.testng.SuiteRunner.runTest(SuiteRunner.java:443)
	at org.testng.SuiteRunner.runSequentially(SuiteRunner.java:437)
	at org.testng.SuiteRunner.privateRun(SuiteRunner.java:397)
	at org.testng.SuiteRunner.run(SuiteRunner.java:336)
	at org.testng.SuiteRunnerWorker.runSuite(SuiteRunnerWorker.java:52)
	at org.testng.SuiteRunnerWorker.run(SuiteRunnerWorker.java:95)
	at org.testng.TestNG.runSuitesSequentially(TestNG.java:1301)
	at org.testng.TestNG.runSuitesLocally(TestNG.java:1228)
	at org.testng.TestNG.runSuites(TestNG.java:1134)
	at org.testng.TestNG.run(TestNG.java:1101)
	at org.testng.remote.AbstractRemoteTestNG.run(AbstractRemoteTestNG.java:115)
	at org.testng.remote.RemoteTestNG.initAndRun(RemoteTestNG.java:293)
	at org.testng.remote.RemoteTestNG.main(RemoteTestNG.java:91)
Caused by: org.openqa.selenium.NoSuchWindowException: no such window: target window already closed
from unknown error: web view not found
  (Session info: chrome=126.0.6423.2)
Build info: version: '4.21.0', revision: '79ed462ef4'
System info: os.name: 'Windows 10', os.arch: 'amd64', os.version: '10.0', java.version: '11.0.13'
Driver info: org.openqa.selenium.chrome.ChromeDriver
Command: [54c4e18ccb54a45c1413f59f52ac3b13, findElement {value=.mb5.text-danger.ng-star-inserted, using=css selector}]
Capabilities {acceptInsecureCerts: false, browserName: chrome, browserVersion: 126.0.6423.2, chrome: {chromedriverVersion: 125.0.6396.3 (996e2dd9818f0..., userDataDir: C:\Users\solve\AppData\Loca...}, fedcm:accounts: true, goog:chromeOptions: {debuggerAddress: localhost:53362}, networkConnectionEnabled: false, pageLoadStrategy: normal, platformName: windows, proxy: Proxy(), se:cdp: ws://localhost:53362/devtoo..., se:cdpVersion: 126.0.6423.2, setWindowRect: true, strictFileInteractability: false, timeouts: {implicit: 0, pageLoad: 300000, script: 30000}, unhandledPromptBehavior: dismiss and notify, webauthn:extension:credBlob: true, webauthn:extension:largeBlob: true, webauthn:extension:minPinLength: true, webauthn:extension:prf: true, webauthn:virtualAuthenticators: true}
Session ID: 54c4e18ccb54a45c1413f59f52ac3b13
	at jdk.internal.reflect.GeneratedConstructorAccessor34.newInstance(Unknown Source)
	at java.base/jdk.internal.reflect.DelegatingConstructorAccessorImpl.newInstance(DelegatingConstructorAccessorImpl.java:45)
	at java.base/java.lang.reflect.Constructor.newInstance(Constructor.java:490)
	at org.openqa.selenium.remote.ErrorCodec.decode(ErrorCodec.java:167)
	at org.openqa.selenium.remote.codec.w3c.W3CHttpResponseCodec.decode(W3CHttpResponseCodec.java:138)
	at org.openqa.selenium.remote.codec.w3c.W3CHttpResponseCodec.decode(W3CHttpResponseCodec.java:50)
	at org.openqa.selenium.remote.HttpCommandExecutor.execute(HttpCommandExecutor.java:190)
	at org.openqa.selenium.remote.service.DriverCommandExecutor.invokeExecute(DriverCommandExecutor.java:216)
	at org.openqa.selenium.remote.service.DriverCommandExecutor.execute(DriverCommandExecutor.java:174)
	at org.openqa.selenium.remote.RemoteWebDriver.execute(RemoteWebDriver.java:518)
	at org.openqa.selenium.remote.ElementLocation$ElementFinder$2.findElement(ElementLocation.java:165)
	at org.openqa.selenium.remote.ElementLocation.findElement(ElementLocation.java:59)
	at org.openqa.selenium.remote.RemoteWebDriver.findElement(RemoteWebDriver.java:355)
	at org.openqa.selenium.remote.RemoteWebDriver.findElement(RemoteWebDriver.java:349)
	at org.openqa.selenium.support.ui.ExpectedConditions$7.apply(ExpectedConditions.java:194)
	at org.openqa.selenium.support.ui.ExpectedConditions$7.apply(ExpectedConditions.java:190)
	at org.openqa.selenium.support.ui.FluentWait.until(FluentWait.java:203)
	... 30 common frames omitted
2024-06-05 14:23:07.254 [main] INFO  com.example.automate.NewPatientLogin - Closed the browser.
2024-06-05 14:32:37.280 [main] INFO  com.example.automate.NewPatientLogin - Test 'Invalid Username' 																			   - passed.
2024-06-05 14:32:38.913 [main] INFO  com.example.automate.NewPatientLogin - Test 'Invalid Password' 																			   - passed.
2024-06-05 14:32:39.101 [main] INFO  com.example.automate.NewPatientLogin - Test 'Empty Username and Password' 																	- passed.
2024-06-05 14:32:40.811 [main] INFO  com.example.automate.NewPatientLogin - Test 'Empty Password' 																				   - passed.
2024-06-05 14:32:40.866 [main] INFO  com.example.automate.NewPatientLogin - Checked placeholders with their labels and required field marks 									   - passed.
2024-06-05 14:32:40.894 [main] INFO  com.example.automate.NewPatientLogin - Checked 'Login' button color 																		   - passed.
2024-06-05 14:32:44.228 [main] INFO  com.example.automate.NewPatientLogin - Verified 'Forgot Password Link' functionality 														   - passed.
2024-06-05 14:57:35.913 [main] INFO  com.example.automate.NewPatientLogin - Closed the browser.
2024-06-05 14:59:10.546 [main] INFO  com.example.automate.NewPatientLogin - Test 'Invalid Username' 																			   - passed.
2024-06-05 14:59:22.212 [main] INFO  com.example.automate.NewPatientLogin - Closed the browser.
2024-06-05 15:02:30.571 [main] INFO  com.example.automate.NewPatientLogin - Test 'Invalid Username' 																			   - passed.
2024-06-05 15:02:42.869 [main] INFO  com.example.automate.NewPatientLogin - Closed the browser.
2024-06-05 15:05:36.453 [main] INFO  com.example.automate.NewPatientLogin - Test 'Invalid Username' 																			   - passed.
2024-06-05 15:06:36.640 [main] INFO  com.example.automate.NewPatientLogin - Home url is verified																				   - passed
2024-06-05 15:06:38.326 [main] INFO  com.example.automate.NewPatientLogin - Test 'Empty Username and Password' 																	   - passed.
2024-06-05 15:06:39.020 [main] INFO  com.example.automate.NewPatientLogin - error message found while handling Invalid date 														- passed
2024-06-05 15:06:39.670 [main] INFO  com.example.automate.NewPatientLogin - error message found while handling Invalid date 														- passed
2024-06-05 15:06:40.339 [main] INFO  com.example.automate.NewPatientLogin - error message found while handling future date 														- passed
2024-06-05 15:10:13.013 [main] INFO  com.example.automate.NewPatientLogin - Closed the browser.
2024-06-05 15:41:40.351 [main] INFO  com.example.automate.NewPatientLogin - Home URL is verified - passed
2024-06-05 15:41:40.360 [main] INFO  com.example.automate.NewPatientLogin - Opargo title and logo on the browser tab are verified - passed
2024-06-05 15:41:41.401 [main] INFO  com.example.automate.NewPatientLogin - Patient Information page icon is displayed - passed.
2024-06-05 15:41:41.494 [main] INFO  com.example.automate.NewPatientLogin - Home Tab Link - passed.
2024-06-05 15:41:41.523 [main] INFO  com.example.automate.NewPatientLogin - Patient Information page title is displayed - passed.
2024-06-05 15:41:41.837 [main] INFO  com.example.automate.NewPatientLogin - Test 'Empty Username and Password' - passed.
2024-06-05 15:41:42.550 [main] INFO  com.example.automate.NewPatientLogin - Error message found while handling Invalid date - passed.
2024-06-05 15:41:43.289 [main] INFO  com.example.automate.NewPatientLogin - Error message found while handling Invalid date - passed.
2024-06-05 15:41:44.001 [main] INFO  com.example.automate.NewPatientLogin - Error message found while handling future date - passed.
2024-06-05 15:50:28.734 [main] INFO  com.example.automate.NewPatientLogin - Home URL is verified - passed
2024-06-05 15:50:28.743 [main] INFO  com.example.automate.NewPatientLogin - Opargo title and logo on the browser tab are verified - passed
2024-06-05 15:50:29.777 [main] INFO  com.example.automate.NewPatientLogin - Patient Information page icon is displayed - passed.
2024-06-05 15:50:29.848 [main] INFO  com.example.automate.NewPatientLogin - Home Tab Link - passed.
2024-06-05 15:50:29.876 [main] INFO  com.example.automate.NewPatientLogin - Patient Information page title is displayed - passed.
2024-06-05 15:50:30.176 [main] INFO  com.example.automate.NewPatientLogin - Test 'Empty Username and Password' - passed.
2024-06-05 15:50:30.852 [main] INFO  com.example.automate.NewPatientLogin - Error message found while handling Invalid date - passed.
2024-06-05 15:50:31.522 [main] INFO  com.example.automate.NewPatientLogin - Error message found while handling Invalid date - passed.
2024-06-05 15:50:32.207 [main] INFO  com.example.automate.NewPatientLogin - Error message found while handling future date - passed.
2024-06-05 15:50:42.482 [main] INFO  com.example.automate.NewPatientLogin - Creating new patient - passed.
2024-06-05 15:50:45.401 [main] INFO  com.example.automate.NewPatientLogin - Closed the browser.
2024-06-05 16:24:30.886 [main] INFO  com.example.automate.NewPatientLogin - Closed the browser.
2024-06-05 16:27:19.264 [main] INFO  com.example.automate.NewPatientLogin - Closed the browser.
2024-06-05 16:35:06.545 [main] INFO  com.example.automate.NewPatientLogin - Closed the browser.
2024-06-05 16:37:30.703 [main] INFO  com.example.automate.NewPatientLogin - Closed the browser.
2024-06-05 16:41:43.088 [main] INFO  com.example.automate.NewPatientLogin - Closed the browser.
2024-06-05 16:50:02.627 [main] INFO  com.example.automate.NewPatientLogin - Closed the browser.
2024-06-05 16:50:45.679 [main] INFO  com.example.automate.NewPatientLogin - Closed the browser.
2024-06-05 16:53:15.949 [main] INFO  com.example.automate.NewPatientLogin - Closed the browser.
2024-06-05 17:00:39.625 [main] INFO  com.example.automate.NewPatientLogin - Closed the browser.
2024-06-05 17:01:55.765 [main] INFO  com.example.automate.NewPatientLogin - Closed the browser.
2024-06-05 17:05:04.256 [main] INFO  com.example.automate.NewPatientLogin - Home URL is verified - passed
2024-06-05 17:05:04.265 [main] INFO  com.example.automate.NewPatientLogin - Opargo title and logo on the browser tab are verified - passed
2024-06-05 17:05:05.305 [main] INFO  com.example.automate.NewPatientLogin - Patient Information page icon is displayed - passed.
2024-06-05 17:05:08.437 [main] INFO  com.example.automate.NewPatientLogin - Closed the browser.
2024-06-05 17:07:36.371 [main] INFO  com.example.automate.NewPatientLogin - Home URL is verified - passed
2024-06-05 17:07:36.385 [main] INFO  com.example.automate.NewPatientLogin - Opargo title and logo on the browser tab are verified - passed
2024-06-05 17:07:37.419 [main] INFO  com.example.automate.NewPatientLogin - Patient Information page icon is displayed - passed.
2024-06-05 17:07:40.520 [main] INFO  com.example.automate.NewPatientLogin - Closed the browser.
2024-06-05 17:12:45.741 [main] INFO  com.example.automate.NewPatientLogin - Home URL is verified - passed
2024-06-05 17:12:45.749 [main] INFO  com.example.automate.NewPatientLogin - Opargo title and logo on the browser tab are verified - passed
2024-06-05 17:12:46.779 [main] INFO  com.example.automate.NewPatientLogin - Patient Information page icon is displayed - passed.
2024-06-05 17:12:49.935 [main] INFO  com.example.automate.NewPatientLogin - Closed the browser.
2024-06-05 17:15:56.477 [main] INFO  com.example.automate.NewPatientLogin - Home URL is verified - passed
2024-06-05 17:15:56.486 [main] INFO  com.example.automate.NewPatientLogin - Opargo title and logo on the browser tab are verified - passed
2024-06-05 17:15:57.525 [main] INFO  com.example.automate.NewPatientLogin - Patient Information page icon is displayed - passed.
2024-06-05 17:15:57.597 [main] INFO  com.example.automate.NewPatientLogin - Home Tab Link - passed.
2024-06-05 17:15:57.624 [main] INFO  com.example.automate.NewPatientLogin - Patient Information page title is displayed - passed.
2024-06-05 17:15:57.942 [main] INFO  com.example.automate.NewPatientLogin - Test 'Empty Username and Password' - passed.
2024-06-05 17:15:58.663 [main] INFO  com.example.automate.NewPatientLogin - Error message found while handling Invalid date - passed.
2024-06-05 17:15:59.394 [main] INFO  com.example.automate.NewPatientLogin - Error message found while handling Invalid date - passed.
2024-06-05 17:16:00.094 [main] INFO  com.example.automate.NewPatientLogin - Error message found while handling future date - passed.
2024-06-05 17:16:10.478 [main] INFO  com.example.automate.NewPatientLogin - Creating new patient - passed.
2024-06-05 17:16:13.415 [main] INFO  com.example.automate.NewPatientLogin - Closed the browser.
